2024-05-27 21:58:42,034 1 INFO None odoo.service.db: Create database `odoodatoss`. 
2024-05-27 21:58:42,822 1 INFO odoodatoss odoo.modules.loading: loading 1 modules... 
2024-05-27 21:58:42,823 1 INFO odoodatoss odoo.modules.loading: Loading module base (1/1) 
2024-05-27 21:58:42,841 1 INFO odoodatoss odoo.modules.registry: module base: creating or updating database tables 
2024-05-27 21:58:43,250 1 INFO odoodatoss odoo.models: Prepare computation of ir.module.module.menus_by_module 
2024-05-27 21:58:43,251 1 INFO odoodatoss odoo.models: Prepare computation of ir.module.module.reports_by_module 
2024-05-27 21:58:43,252 1 INFO odoodatoss odoo.models: Prepare computation of ir.module.module.views_by_module 
2024-05-27 21:58:43,402 1 INFO odoodatoss odoo.models: Prepare computation of res.partner.user_id 
2024-05-27 21:58:43,404 1 INFO odoodatoss odoo.models: Prepare computation of res.partner.commercial_partner_id 
2024-05-27 21:58:43,406 1 INFO odoodatoss odoo.models: Prepare computation of res.partner.complete_name 
2024-05-27 21:58:43,407 1 INFO odoodatoss odoo.models: Prepare computation of res.partner.company_registry 
2024-05-27 21:58:43,408 1 INFO odoodatoss odoo.models: Prepare computation of res.partner.commercial_company_name 
2024-05-27 21:58:43,409 1 INFO odoodatoss odoo.models: Prepare computation of res.partner.partner_share 
2024-05-27 21:58:43,457 1 INFO odoodatoss odoo.models: Prepare computation of res.currency.decimal_places 
2024-05-27 21:58:43,487 1 INFO odoodatoss odoo.models: Prepare computation of res.company.uses_default_logo 
2024-05-27 21:58:43,488 1 INFO odoodatoss odoo.models: Prepare computation of res.company.logo_web 
2024-05-27 21:58:43,492 1 INFO odoodatoss odoo.models: Computing parent_path for table res_company... 
2024-05-27 21:58:43,521 1 INFO odoodatoss odoo.models: Prepare computation of res.users.signature 
2024-05-27 21:58:43,521 1 INFO odoodatoss odoo.models: Prepare computation of res.users.share 
2024-05-27 21:58:44,620 1 INFO odoodatoss odoo.modules.loading: loading base/data/res_bank.xml 
2024-05-27 21:58:44,625 1 INFO odoodatoss odoo.modules.loading: loading base/data/res.lang.csv 
2024-05-27 21:58:44,662 1 INFO odoodatoss odoo.modules.loading: loading base/data/res_lang_data.xml 
2024-05-27 21:58:44,681 1 INFO odoodatoss odoo.modules.loading: loading base/data/res_partner_data.xml 
2024-05-27 21:58:44,720 1 INFO odoodatoss odoo.modules.loading: loading base/data/res_currency_data.xml 
2024-05-27 21:58:45,044 1 INFO odoodatoss odoo.modules.loading: loading base/data/res_company_data.xml 
2024-05-27 21:58:45,050 1 INFO odoodatoss odoo.modules.loading: loading base/data/res_users_data.xml 
2024-05-27 21:58:45,713 1 INFO odoodatoss odoo.modules.loading: loading base/data/report_paperformat_data.xml 
2024-05-27 21:58:45,721 1 INFO odoodatoss odoo.modules.loading: loading base/data/res_country_data.xml 
2024-05-27 21:58:45,994 1 INFO odoodatoss odoo.modules.loading: loading base/data/ir_demo_data.xml 
2024-05-27 21:58:46,003 1 INFO odoodatoss odoo.modules.loading: loading base/security/base_groups.xml 
2024-05-27 21:58:46,302 1 INFO odoodatoss odoo.modules.loading: loading base/security/base_security.xml 
2024-05-27 21:58:46,377 1 INFO odoodatoss odoo.modules.loading: loading base/views/base_menus.xml 
2024-05-27 21:58:46,416 1 INFO odoodatoss odoo.modules.loading: loading base/views/decimal_precision_views.xml 
2024-05-27 21:58:46,425 1 INFO odoodatoss odoo.modules.loading: loading base/views/res_config_views.xml 
2024-05-27 21:58:46,431 1 INFO odoodatoss odoo.modules.loading: loading base/data/res.country.state.csv 
2024-05-27 21:58:46,761 1 INFO odoodatoss odoo.modules.loading: loading base/views/ir_actions_views.xml 
2024-05-27 21:58:46,835 1 INFO odoodatoss odoo.modules.loading: loading base/views/ir_asset_views.xml 
2024-05-27 21:58:46,846 1 INFO odoodatoss odoo.modules.loading: loading base/views/ir_config_parameter_views.xml 
2024-05-27 21:58:46,858 1 INFO odoodatoss odoo.modules.loading: loading base/views/ir_cron_views.xml 
2024-05-27 21:58:46,875 1 INFO odoodatoss odoo.modules.loading: loading base/views/ir_cron_trigger_views.xml 
2024-05-27 21:58:46,886 1 INFO odoodatoss odoo.modules.loading: loading base/views/ir_filters_views.xml 
2024-05-27 21:58:46,897 1 INFO odoodatoss odoo.modules.loading: loading base/views/ir_mail_server_views.xml 
2024-05-27 21:58:46,910 1 INFO odoodatoss odoo.modules.loading: loading base/views/ir_model_views.xml 
2024-05-27 21:58:46,993 1 INFO odoodatoss odoo.modules.loading: loading base/views/ir_attachment_views.xml 
2024-05-27 21:58:47,006 1 INFO odoodatoss odoo.modules.loading: loading base/views/ir_rule_views.xml 
2024-05-27 21:58:47,023 1 INFO odoodatoss odoo.modules.loading: loading base/views/ir_sequence_views.xml 
2024-05-27 21:58:47,035 1 INFO odoodatoss odoo.modules.loading: loading base/views/ir_ui_menu_views.xml 
2024-05-27 21:58:47,047 1 INFO odoodatoss odoo.modules.loading: loading base/views/ir_ui_view_views.xml 
2024-05-27 21:58:47,076 1 INFO odoodatoss odoo.modules.loading: loading base/views/ir_default_views.xml 
2024-05-27 21:58:47,089 1 INFO odoodatoss odoo.modules.loading: loading base/data/ir_cron_data.xml 
2024-05-27 21:58:47,097 1 INFO odoodatoss odoo.modules.loading: loading base/report/ir_model_report.xml 
2024-05-27 21:58:47,100 1 INFO odoodatoss odoo.modules.loading: loading base/report/ir_model_templates.xml 
2024-05-27 21:58:47,105 1 INFO odoodatoss odoo.modules.loading: loading base/views/ir_logging_views.xml 
2024-05-27 21:58:47,121 1 INFO odoodatoss odoo.modules.loading: loading base/views/ir_qweb_widget_templates.xml 
2024-05-27 21:58:47,137 1 INFO odoodatoss odoo.modules.loading: loading base/views/ir_module_views.xml 
2024-05-27 21:58:47,166 1 INFO odoodatoss odoo.modules.loading: loading base/data/ir_module_category_data.xml 
2024-05-27 21:58:47,210 1 INFO odoodatoss odoo.modules.loading: loading base/data/ir_module_module.xml 
2024-05-27 21:58:47,258 1 INFO odoodatoss odoo.modules.loading: loading base/report/ir_module_reports.xml 
2024-05-27 21:58:47,271 1 INFO odoodatoss odoo.modules.loading: loading base/report/ir_module_report_templates.xml 
2024-05-27 21:58:47,278 1 INFO odoodatoss odoo.modules.loading: loading base/wizard/base_module_update_views.xml 
2024-05-27 21:58:47,344 1 INFO odoodatoss odoo.modules.loading: loading base/wizard/base_language_install_views.xml 
2024-05-27 21:58:47,365 1 INFO odoodatoss odoo.modules.loading: loading base/wizard/base_import_language_views.xml 
2024-05-27 21:58:47,375 1 INFO odoodatoss odoo.modules.loading: loading base/wizard/base_module_upgrade_views.xml 
2024-05-27 21:58:47,387 1 INFO odoodatoss odoo.modules.loading: loading base/wizard/base_module_uninstall_views.xml 
2024-05-27 21:58:47,392 1 INFO odoodatoss odoo.modules.loading: loading base/wizard/base_export_language_views.xml 
2024-05-27 21:58:47,400 1 INFO odoodatoss odoo.modules.loading: loading base/wizard/base_partner_merge_views.xml 
2024-05-27 21:58:47,410 1 INFO odoodatoss odoo.modules.loading: loading base/data/ir_demo_failure_data.xml 
2024-05-27 21:58:47,420 1 INFO odoodatoss odoo.modules.loading: loading base/views/ir_profile_views.xml 
2024-05-27 21:58:47,444 1 INFO odoodatoss odoo.modules.loading: loading base/views/res_company_views.xml 
2024-05-27 21:58:47,503 1 INFO odoodatoss odoo.modules.loading: loading base/views/res_lang_views.xml 
2024-05-27 21:58:47,521 1 INFO odoodatoss odoo.modules.loading: loading base/views/res_partner_views.xml 
2024-05-27 21:58:47,585 1 INFO odoodatoss odoo.modules.loading: loading base/views/res_bank_views.xml 
2024-05-27 21:58:47,615 1 INFO odoodatoss odoo.modules.loading: loading base/views/res_country_views.xml 
2024-05-27 21:58:47,647 1 INFO odoodatoss odoo.modules.loading: loading base/views/res_currency_views.xml 
2024-05-27 21:58:47,670 1 INFO odoodatoss odoo.modules.loading: loading base/views/res_users_views.xml 
2024-05-27 21:58:47,740 1 INFO odoodatoss odoo.modules.loading: loading base/views/res_users_identitycheck_views.xml 
2024-05-27 21:58:47,746 1 INFO odoodatoss odoo.modules.loading: loading base/views/ir_property_views.xml 
2024-05-27 21:58:47,759 1 INFO odoodatoss odoo.modules.loading: loading base/views/res_config_settings_views.xml 
2024-05-27 21:58:47,764 1 INFO odoodatoss odoo.modules.loading: loading base/views/report_paperformat_views.xml 
2024-05-27 21:58:47,778 1 INFO odoodatoss odoo.modules.loading: loading base/security/ir.model.access.csv 
2024-05-27 21:58:47,842 1 INFO odoodatoss odoo.modules.loading: Module base: loading demo 
2024-05-27 21:58:47,842 1 INFO odoodatoss odoo.modules.loading: loading base/data/res_users_demo.xml 
2024-05-27 21:58:48,824 1 INFO odoodatoss odoo.modules.loading: loading base/data/res_partner_bank_demo.xml 
2024-05-27 21:58:48,850 1 INFO odoodatoss odoo.modules.loading: loading base/data/res_currency_demo.xml 
2024-05-27 21:58:48,855 1 INFO odoodatoss odoo.modules.loading: loading base/data/res_currency_rate_demo.xml 
2024-05-27 21:58:49,027 1 INFO odoodatoss odoo.modules.loading: loading base/data/res_bank_demo.xml 
2024-05-27 21:58:49,032 1 INFO odoodatoss odoo.modules.loading: loading base/data/res_partner_demo.xml 
2024-05-27 21:58:49,185 1 INFO odoodatoss odoo.modules.loading: loading base/data/res_partner_image_demo.xml 
2024-05-27 21:58:49,536 1 INFO odoodatoss odoo.modules.loading: Module base loaded in 6.71s, 9067 queries (+9067 other) 
2024-05-27 21:58:49,538 1 INFO odoodatoss odoo.modules.loading: 1 modules loaded in 6.71s, 9067 queries (+9067 extra) 
2024-05-27 21:58:49,560 1 INFO odoodatoss odoo.modules.loading: updating modules list 
2024-05-27 21:58:49,561 1 INFO odoodatoss odoo.addons.base.models.ir_module: ALLOW access to module.update_list on [] to user __system__ #1 via n/a 
2024-05-27 21:58:50,087 1 INFO odoodatoss odoo.modules.loading: loading 11 modules... 
2024-05-27 21:58:50,088 1 INFO odoodatoss odoo.modules.loading: Loading module web (2/11) 
2024-05-27 21:58:50,103 1 INFO odoodatoss odoo.modules.registry: module web: creating or updating database tables 
2024-05-27 21:58:50,399 1 INFO odoodatoss odoo.modules.loading: loading web/security/ir.model.access.csv 
2024-05-27 21:58:50,406 1 INFO odoodatoss odoo.modules.loading: loading web/views/webclient_templates.xml 
2024-05-27 21:58:50,436 1 INFO odoodatoss odoo.modules.loading: loading web/views/report_templates.xml 
2024-05-27 21:58:50,485 1 INFO odoodatoss odoo.modules.loading: loading web/views/base_document_layout_views.xml 
2024-05-27 21:58:50,495 1 INFO odoodatoss odoo.modules.loading: loading web/views/partner_view.xml 
2024-05-27 21:58:50,514 1 INFO odoodatoss odoo.modules.loading: loading web/views/speedscope_template.xml 
2024-05-27 21:58:50,519 1 INFO odoodatoss odoo.modules.loading: loading web/views/neutralize_views.xml 
2024-05-27 21:58:50,532 1 INFO odoodatoss odoo.modules.loading: loading web/data/ir_attachment.xml 
2024-05-27 21:58:50,548 1 INFO odoodatoss odoo.modules.loading: loading web/data/report_layout.xml 
2024-05-27 21:58:50,589 1 INFO odoodatoss odoo.modules.loading: Module web loaded in 0.50s, 1003 queries (+1003 other) 
2024-05-27 21:58:50,591 1 INFO odoodatoss odoo.modules.loading: Loading module auth_totp (3/11) 
2024-05-27 21:58:50,607 1 INFO odoodatoss odoo.modules.registry: module auth_totp: creating or updating database tables 
2024-05-27 21:58:50,684 1 INFO odoodatoss odoo.modules.loading: loading auth_totp/security/security.xml 
2024-05-27 21:58:50,701 1 INFO odoodatoss odoo.modules.loading: loading auth_totp/security/ir.model.access.csv 
2024-05-27 21:58:50,708 1 INFO odoodatoss odoo.modules.loading: loading auth_totp/data/ir_action_data.xml 
2024-05-27 21:58:50,713 1 INFO odoodatoss odoo.modules.loading: loading auth_totp/views/res_users_views.xml 
2024-05-27 21:58:50,728 1 INFO odoodatoss odoo.modules.loading: loading auth_totp/views/templates.xml 
2024-05-27 21:58:50,732 1 INFO odoodatoss odoo.modules.loading: loading auth_totp/wizard/auth_totp_wizard_views.xml 
2024-05-27 21:58:50,751 1 INFO odoodatoss odoo.modules.loading: Module auth_totp loaded in 0.16s, 179 queries (+179 other) 
2024-05-27 21:58:50,752 1 INFO odoodatoss odoo.modules.loading: Loading module base_import (4/11) 
2024-05-27 21:58:50,804 1 INFO odoodatoss odoo.modules.registry: module base_import: creating or updating database tables 
2024-05-27 21:58:51,124 1 INFO odoodatoss odoo.modules.loading: loading base_import/security/ir.model.access.csv 
2024-05-27 21:58:51,139 1 INFO odoodatoss odoo.modules.loading: Module base_import loaded in 0.39s, 815 queries (+815 other) 
2024-05-27 21:58:51,139 1 INFO odoodatoss odoo.modules.loading: Loading module base_import_module (5/11) 
2024-05-27 21:58:51,154 1 INFO odoodatoss odoo.modules.registry: module base_import_module: creating or updating database tables 
2024-05-27 21:58:51,199 1 INFO odoodatoss odoo.modules.loading: loading base_import_module/security/ir.model.access.csv 
2024-05-27 21:58:51,205 1 INFO odoodatoss odoo.modules.loading: loading base_import_module/views/base_import_module_view.xml 
2024-05-27 21:58:51,216 1 INFO odoodatoss odoo.modules.loading: loading base_import_module/views/ir_module_views.xml 
2024-05-27 21:58:51,242 1 INFO odoodatoss odoo.modules.loading: Module base_import_module loaded in 0.10s, 148 queries (+148 other) 
2024-05-27 21:58:51,243 1 INFO odoodatoss odoo.modules.loading: Loading module base_setup (6/11) 
2024-05-27 21:58:51,257 1 INFO odoodatoss odoo.modules.registry: module base_setup: creating or updating database tables 
2024-05-27 21:58:51,288 1 INFO odoodatoss odoo.modules.loading: loading base_setup/data/base_setup_data.xml 
2024-05-27 21:58:51,292 1 INFO odoodatoss odoo.modules.loading: loading base_setup/views/res_config_settings_views.xml 
2024-05-27 21:58:51,307 1 INFO odoodatoss odoo.modules.loading: loading base_setup/views/res_partner_views.xml 
2024-05-27 21:58:51,325 1 INFO odoodatoss odoo.modules.loading: Module base_setup loaded in 0.08s, 139 queries (+139 other) 
2024-05-27 21:58:51,325 1 INFO odoodatoss odoo.modules.loading: Loading module bus (7/11) 
2024-05-27 21:58:51,344 1 INFO odoodatoss odoo.modules.registry: module bus: creating or updating database tables 
2024-05-27 21:58:51,400 1 INFO odoodatoss odoo.modules.loading: loading bus/security/ir.model.access.csv 
2024-05-27 21:58:51,415 1 INFO odoodatoss odoo.modules.loading: Module bus loaded in 0.09s, 113 queries (+113 other) 
2024-05-27 21:58:51,415 1 INFO odoodatoss odoo.modules.loading: Loading module web_tour (8/11) 
2024-05-27 21:58:51,430 1 INFO odoodatoss odoo.modules.registry: module web_tour: creating or updating database tables 
2024-05-27 21:58:51,455 1 INFO odoodatoss odoo.modules.loading: loading web_tour/security/ir.model.access.csv 
2024-05-27 21:58:51,462 1 INFO odoodatoss odoo.modules.loading: loading web_tour/security/ir.rule.csv 
2024-05-27 21:58:51,469 1 INFO odoodatoss odoo.modules.loading: loading web_tour/views/tour_views.xml 
2024-05-27 21:58:51,492 1 INFO odoodatoss odoo.modules.loading: Module web_tour loaded in 0.08s, 104 queries (+104 other) 
2024-05-27 21:58:51,493 1 INFO odoodatoss odoo.modules.loading: Loading module iap (9/11) 
2024-05-27 21:58:51,508 1 INFO odoodatoss odoo.modules.registry: module iap: creating or updating database tables 
2024-05-27 21:58:51,560 1 INFO odoodatoss odoo.modules.loading: loading iap/security/ir.model.access.csv 
2024-05-27 21:58:51,569 1 INFO odoodatoss odoo.modules.loading: loading iap/security/ir_rule.xml 
2024-05-27 21:58:51,575 1 INFO odoodatoss odoo.modules.loading: loading iap/views/iap_views.xml 
2024-05-27 21:58:51,588 1 INFO odoodatoss odoo.modules.loading: loading iap/views/res_config_settings.xml 
2024-05-27 21:58:51,609 1 INFO odoodatoss odoo.modules.loading: Module iap loaded in 0.12s, 151 queries (+151 other) 
2024-05-27 21:58:51,609 1 INFO odoodatoss odoo.modules.loading: Loading module web_editor (10/11) 
2024-05-27 21:58:51,638 1 INFO odoodatoss odoo.modules.registry: module web_editor: creating or updating database tables 
2024-05-27 21:58:51,951 1 INFO odoodatoss odoo.modules.loading: loading web_editor/security/ir.model.access.csv 
2024-05-27 21:58:51,959 1 INFO odoodatoss odoo.modules.loading: loading web_editor/data/editor_assets.xml 
2024-05-27 21:58:51,963 1 INFO odoodatoss odoo.modules.loading: loading web_editor/views/editor.xml 
2024-05-27 21:58:51,973 1 INFO odoodatoss odoo.modules.loading: loading web_editor/views/snippets.xml 
2024-05-27 21:58:52,007 1 INFO odoodatoss odoo.modules.loading: Module web_editor loaded in 0.40s, 921 queries (+921 other) 
2024-05-27 21:58:52,008 1 INFO odoodatoss odoo.modules.loading: Loading module web_unsplash (11/11) 
2024-05-27 21:58:52,022 1 INFO odoodatoss odoo.modules.registry: module web_unsplash: creating or updating database tables 
2024-05-27 21:58:52,067 1 INFO odoodatoss odoo.modules.loading: loading web_unsplash/views/res_config_settings_view.xml 
2024-05-27 21:58:52,237 1 INFO odoodatoss odoo.modules.loading: Module web_unsplash loaded in 0.23s, 95 queries (+95 other) 
2024-05-27 21:58:52,268 1 INFO odoodatoss odoo.modules.loading: 11 modules loaded in 2.18s, 3668 queries (+3668 extra) 
2024-05-27 21:58:52,464 1 INFO odoodatoss odoo.modules.loading: Modules loaded. 
2024-05-27 21:58:52,471 1 INFO odoodatoss odoo.modules.registry: Registry loaded in 9.656s 
2024-05-27 21:58:53,177 1 INFO odoodatoss odoo.addons.base.models.res_users: Login successful for db:odoodatoss login:pablojuan123@gmail.com from 172.23.0.1 
2024-05-27 21:58:53,214 1 INFO odoodatoss werkzeug: 172.23.0.1 - - [27/May/2024 21:58:53] "POST /web/database/create HTTP/1.1" 303 - 18545 5.162 6.640
2024-05-27 21:58:53,225 1 INFO odoodatoss odoo.addons.base.models.ir_http: Generating routing map for key None 
2024-05-27 21:58:53,261 1 INFO odoodatoss werkzeug: 172.23.0.1 - - [27/May/2024 21:58:53] "GET /web HTTP/1.1" 303 - 9 0.004 0.035
2024-05-27 21:58:53,375 1 INFO odoodatoss werkzeug: 172.23.0.1 - - [27/May/2024 21:58:53] "GET /web/login HTTP/1.1" 200 - 53 0.016 0.088
2024-05-27 21:58:53,404 1 INFO odoodatoss werkzeug: 172.23.0.1 - - [27/May/2024 21:58:53] "GET /web/binary/company_logo HTTP/1.1" 200 - 5 0.003 0.012
2024-05-27 21:58:53,484 1 INFO odoodatoss werkzeug: 172.23.0.1 - - [27/May/2024 21:58:53] "GET /web/webclient/translations/1716847133450 HTTP/1.1" 200 - 7 0.002 0.029
2024-05-27 21:58:55,020 1 INFO odoodatoss werkzeug: 172.23.0.1 - - [27/May/2024 21:58:55] "GET /web/service-worker.js HTTP/1.1" 200 - 5 0.003 0.007
2024-05-27 21:58:55,051 1 INFO odoodatoss werkzeug: 172.23.0.1 - - [27/May/2024 21:58:55] "GET /web/offline HTTP/1.1" 200 - 13 0.003 0.012
2024-05-27 21:58:58,602 1 INFO odoodatoss odoo.addons.base.models.res_users: Login successful for db:odoodatoss login:pablojuan123@gmail.com from 172.23.0.1 
2024-05-27 21:58:58,608 1 INFO odoodatoss werkzeug: 172.23.0.1 - - [27/May/2024 21:58:58] "POST /web/login HTTP/1.1" 303 - 32 0.011 0.330
2024-05-27 21:58:58,674 1 INFO odoodatoss werkzeug: 172.23.0.1 - - [27/May/2024 21:58:58] "GET /web HTTP/1.1" 200 - 58 0.012 0.048
2024-05-27 21:58:58,789 1 INFO odoodatoss werkzeug: 172.23.0.1 - - [27/May/2024 21:58:58] "GET /web/manifest.webmanifest HTTP/1.1" 200 - 7 0.004 0.006
2024-05-27 21:58:58,807 1 INFO odoodatoss odoo.addons.base.models.assetsbundle: Generating a new asset bundle attachment /web/assets/ba037c6/bus.websocket_worker_assets.min.js (id:188) 
2024-05-27 21:58:58,815 1 INFO odoodatoss werkzeug: 172.23.0.1 - - [27/May/2024 21:58:58] "GET /bus/websocket_worker_bundle?v=1.0.7 HTTP/1.1" 200 - 11 0.009 0.025
2024-05-27 21:58:58,830 1 INFO odoodatoss werkzeug: 172.23.0.1 - - [27/May/2024 21:58:58] "POST /web/action/load HTTP/1.1" 200 - 9 0.009 0.010
2024-05-27 21:58:58,834 1 INFO odoodatoss werkzeug: 172.23.0.1 - - [27/May/2024 21:58:58] "GET /web/image?model=res.users&field=avatar_128&id=2 HTTP/1.1" 200 - 9 0.007 0.013
2024-05-27 21:58:58,834 1 INFO odoodatoss werkzeug: 172.23.0.1 - - [27/May/2024 21:58:58] "GET /websocket HTTP/1.1" 101 - 1 0.001 0.003
2024-05-27 21:58:58,840 1 INFO ? odoo.addons.bus.models.bus: Bus.loop listen imbus on db postgres 
2024-05-27 21:58:58,881 1 INFO odoodatoss werkzeug: 172.23.0.1 - - [27/May/2024 21:58:58] "POST /web/dataset/call_kw/ir.module.module/get_views HTTP/1.1" 200 - 48 0.011 0.023
2024-05-27 21:58:58,897 1 INFO odoodatoss werkzeug: 172.23.0.1 - - [27/May/2024 21:58:58] "POST /web/dataset/call_kw/ir.module.module/search_panel_select_range HTTP/1.1" 200 - 1 0.000 0.009
2024-05-27 21:58:58,917 1 INFO odoodatoss werkzeug: 172.23.0.1 - - [27/May/2024 21:58:58] "POST /web/dataset/call_kw/ir.module.module/search_panel_select_range HTTP/1.1" 200 - 39 0.012 0.017
2024-05-27 21:58:58,934 1 INFO odoodatoss werkzeug: 172.23.0.1 - - [27/May/2024 21:58:58] "POST /web/dataset/call_kw/ir.module.module/web_search_read HTTP/1.1" 200 - 4 0.004 0.041
2024-05-27 21:59:00,306 1 INFO odoodatoss werkzeug: 172.23.0.1 - - [27/May/2024 21:59:00] "POST /web/dataset/call_kw/ir.module.module/search_panel_select_range HTTP/1.1" 200 - 36 0.013 0.012
2024-05-27 21:59:00,313 1 INFO odoodatoss werkzeug: 172.23.0.1 - - [27/May/2024 21:59:00] "POST /web/dataset/call_kw/ir.module.module/web_search_read HTTP/1.1" 200 - 4 0.002 0.028
2024-05-27 21:59:00,639 1 INFO odoodatoss werkzeug: 172.23.0.1 - - [27/May/2024 21:59:00] "GET /web/service-worker.js HTTP/1.1" 200 - 1 0.000 0.002
2024-05-27 21:59:03,132 1 INFO odoodatoss werkzeug: 172.23.0.1 - - [27/May/2024 21:59:03] "POST /web/dataset/call_kw/ir.module.module/search_panel_select_range HTTP/1.1" 200 - 36 0.010 0.013
2024-05-27 21:59:03,149 1 INFO odoodatoss werkzeug: 172.23.0.1 - - [27/May/2024 21:59:03] "POST /web/dataset/call_kw/ir.module.module/web_search_read HTTP/1.1" 200 - 3 0.002 0.009
2024-05-27 21:59:08,571 1 INFO odoodatoss werkzeug: 172.23.0.1 - - [27/May/2024 21:59:08] "POST /web/dataset/call_kw/ir.module.module/search_panel_select_range HTTP/1.1" 200 - 36 0.020 0.016
2024-05-27 21:59:08,584 1 INFO odoodatoss werkzeug: 172.23.0.1 - - [27/May/2024 21:59:08] "POST /web/dataset/call_kw/ir.module.module/web_search_read HTTP/1.1" 200 - 4 0.003 0.046
2024-05-27 21:59:11,687 1 INFO odoodatoss werkzeug: 172.23.0.1 - - [27/May/2024 21:59:11] "POST /web/dataset/call_kw/ir.module.module/search_panel_select_range HTTP/1.1" 200 - 36 0.013 0.016
2024-05-27 21:59:11,697 1 INFO odoodatoss werkzeug: 172.23.0.1 - - [27/May/2024 21:59:11] "POST /web/dataset/call_kw/ir.module.module/web_search_read HTTP/1.1" 200 - 3 0.002 0.003
2024-05-27 21:59:16,213 1 INFO odoodatoss odoo.addons.base.models.ir_module: ALLOW access to module.button_immediate_install on ['pruebamjp'] to user pablojuan123@gmail.com #2 via 172.23.0.1 
2024-05-27 21:59:16,214 1 INFO odoodatoss odoo.addons.base.models.ir_module: User #2 triggered module installation 
2024-05-27 21:59:16,216 1 INFO odoodatoss odoo.addons.base.models.ir_module: ALLOW access to module.button_install on ['pruebamjp'] to user pablojuan123@gmail.com #2 via 172.23.0.1 
2024-05-27 21:59:16,255 1 INFO odoodatoss odoo.modules.loading: loading 1 modules... 
2024-05-27 21:59:16,261 1 INFO odoodatoss odoo.modules.loading: 1 modules loaded in 0.00s, 0 queries (+0 extra) 
2024-05-27 21:59:16,274 1 INFO odoodatoss odoo.modules.loading: updating modules list 
2024-05-27 21:59:16,276 1 INFO odoodatoss odoo.addons.base.models.ir_module: ALLOW access to module.update_list on [] to user __system__ #1 via 172.23.0.1 
2024-05-27 21:59:16,616 1 INFO odoodatoss odoo.modules.loading: loading 11 modules... 
2024-05-27 21:59:16,622 1 INFO odoodatoss odoo.modules.loading: 11 modules loaded in 0.01s, 0 queries (+0 extra) 
2024-05-27 21:59:16,623 1 INFO odoodatoss odoo.modules.loading: loading 12 modules... 
2024-05-27 21:59:16,624 1 INFO odoodatoss odoo.modules.loading: Loading module pruebamjp (2/12) 
2024-05-27 21:59:16,723 1 INFO odoodatoss odoo.modules.loading: loading pruebamjp/views/views.xml 
2024-05-27 21:59:16,785 1 INFO odoodatoss odoo.modules.loading: loading pruebamjp/views/templates.xml 
2024-05-27 21:59:16,819 1 INFO odoodatoss odoo.modules.loading: Module pruebamjp: loading demo 
2024-05-27 21:59:16,821 1 INFO odoodatoss odoo.modules.loading: loading pruebamjp/demo/demo.xml 
2024-05-27 21:59:16,856 1 INFO odoodatoss odoo.modules.loading: Module pruebamjp loaded in 0.23s, 14 queries (+14 other) 
2024-05-27 21:59:16,857 1 INFO odoodatoss odoo.modules.loading: 12 modules loaded in 0.23s, 14 queries (+14 extra) 
2024-05-27 21:59:17,014 1 INFO odoodatoss odoo.modules.loading: Modules loaded. 
2024-05-27 21:59:17,024 1 INFO odoodatoss odoo.modules.registry: Registry loaded in 0.773s 
2024-05-27 21:59:17,027 1 INFO odoodatoss odoo.addons.base.models.ir_module: getting next ir.actions.todo() 
2024-05-27 21:59:17,029 1 INFO odoodatoss odoo.modules.registry: Registry changed, signaling through the database 
2024-05-27 21:59:17,033 1 INFO odoodatoss werkzeug: 172.23.0.1 - - [27/May/2024 21:59:17] "POST /web/dataset/call_button HTTP/1.1" 200 - 1756 0.308 0.519
2024-05-27 21:59:17,049 1 INFO odoodatoss odoo.addons.base.models.ir_http: Generating routing map for key None 
2024-05-27 21:59:17,180 1 WARNING odoodatoss odoo.modules.module: Missing `license` key in manifest for 'pruebamjp', defaulting to LGPL-3 
2024-05-27 21:59:17,217 1 INFO odoodatoss werkzeug: 172.23.0.1 - - [27/May/2024 21:59:17] "GET /web HTTP/1.1" 200 - 71 0.025 0.145
2024-05-27 21:59:17,287 1 INFO odoodatoss werkzeug: 172.23.0.1 - - [27/May/2024 21:59:17] "GET /web/manifest.webmanifest HTTP/1.1" 200 - 7 0.003 0.004
2024-05-27 21:59:17,290 1 INFO odoodatoss werkzeug: 172.23.0.1 - - [27/May/2024 21:59:17] "GET /bus/websocket_worker_bundle?v=1.0.7 HTTP/1.1" 304 - 4 0.001 0.004
2024-05-27 21:59:17,318 1 INFO odoodatoss werkzeug: 172.23.0.1 - - [27/May/2024 21:59:17] "POST /web/action/load HTTP/1.1" 200 - 10 0.005 0.007
2024-05-27 21:59:17,323 1 INFO odoodatoss werkzeug: 172.23.0.1 - - [27/May/2024 21:59:17] "GET /web/image?model=res.users&field=avatar_128&id=2 HTTP/1.1" 304 - 16 0.008 0.010
2024-05-27 21:59:17,326 1 INFO odoodatoss werkzeug: 172.23.0.1 - - [27/May/2024 21:59:17] "GET /websocket HTTP/1.1" 101 - 1 0.000 0.002
2024-05-27 21:59:17,361 1 INFO odoodatoss werkzeug: 172.23.0.1 - - [27/May/2024 21:59:17] "POST /web/dataset/call_kw/ir.module.module/get_views HTTP/1.1" 200 - 48 0.011 0.021
2024-05-27 21:59:17,371 1 INFO odoodatoss werkzeug: 172.23.0.1 - - [27/May/2024 21:59:17] "POST /web/dataset/call_kw/ir.module.module/search_panel_select_range HTTP/1.1" 200 - 1 0.001 0.003
2024-05-27 21:59:17,393 1 INFO odoodatoss werkzeug: 172.23.0.1 - - [27/May/2024 21:59:17] "POST /web/dataset/call_kw/ir.module.module/web_search_read HTTP/1.1" 200 - 4 0.003 0.021
2024-05-27 21:59:17,395 1 INFO odoodatoss werkzeug: 172.23.0.1 - - [27/May/2024 21:59:17] "POST /web/dataset/call_kw/ir.module.module/search_panel_select_range HTTP/1.1" 200 - 39 0.015 0.012
2024-05-27 21:59:19,080 1 INFO odoodatoss werkzeug: 172.23.0.1 - - [27/May/2024 21:59:19] "GET /web/service-worker.js HTTP/1.1" 200 - 1 0.000 0.002
2024-05-27 21:59:20,831 1 INFO odoodatoss werkzeug: 172.23.0.1 - - [27/May/2024 21:59:20] "POST /web/dataset/call_kw/ir.module.module/search_panel_select_range HTTP/1.1" 200 - 36 0.017 0.015
2024-05-27 21:59:20,841 1 INFO odoodatoss werkzeug: 172.23.0.1 - - [27/May/2024 21:59:20] "POST /web/dataset/call_kw/ir.module.module/web_search_read HTTP/1.1" 200 - 4 0.003 0.037
2024-05-27 21:59:22,272 1 INFO odoodatoss werkzeug: 172.23.0.1 - - [27/May/2024 21:59:22] "POST /web/dataset/call_kw/ir.module.module/search_panel_select_range HTTP/1.1" 200 - 36 0.017 0.014
2024-05-27 21:59:22,278 1 INFO odoodatoss werkzeug: 172.23.0.1 - - [27/May/2024 21:59:22] "POST /web/dataset/call_kw/ir.module.module/web_search_read HTTP/1.1" 200 - 4 0.004 0.031
2024-05-27 21:59:24,459 1 INFO odoodatoss werkzeug: 172.23.0.1 - - [27/May/2024 21:59:24] "POST /web/dataset/call_kw/ir.module.module/search_panel_select_range HTTP/1.1" 200 - 1 0.001 1.375
2024-05-27 21:59:24,460 1 INFO odoodatoss werkzeug: 172.23.0.1 - - [27/May/2024 21:59:24] "POST /web/dataset/call_kw/ir.module.module/search_panel_select_range HTTP/1.1" 200 - 1 0.002 1.068
2024-05-27 21:59:24,474 1 INFO odoodatoss werkzeug: 172.23.0.1 - - [27/May/2024 21:59:24] "POST /web/dataset/call_kw/ir.module.module/search_panel_select_range HTTP/1.1" 200 - 1 0.000 0.005
2024-05-27 21:59:24,508 1 INFO odoodatoss werkzeug: 172.23.0.1 - - [27/May/2024 21:59:24] "POST /web/dataset/call_kw/ir.module.module/web_search_read HTTP/1.1" 200 - 27 0.006 1.417
2024-05-27 21:59:24,813 1 INFO odoodatoss werkzeug: 172.23.0.1 - - [27/May/2024 21:59:24] "POST /web/dataset/call_kw/ir.module.module/web_search_read HTTP/1.1" 200 - 27 0.006 1.415
2024-05-27 21:59:24,822 1 INFO odoodatoss werkzeug: 172.23.0.1 - - [27/May/2024 21:59:24] "POST /web/dataset/call_kw/ir.module.module/search_panel_select_range HTTP/1.1" 200 - 1 0.001 0.846
2024-05-27 21:59:24,870 1 INFO odoodatoss werkzeug: 172.23.0.1 - - [27/May/2024 21:59:24] "POST /web/dataset/call_kw/ir.module.module/web_search_read HTTP/1.1" 200 - 27 0.008 0.884
2024-05-27 21:59:25,087 1 INFO odoodatoss werkzeug: 172.23.0.1 - - [27/May/2024 21:59:25] "POST /web/dataset/call_kw/ir.module.module/search_panel_select_range HTTP/1.1" 200 - 1 0.000 0.005
2024-05-27 21:59:25,110 1 INFO odoodatoss werkzeug: 172.23.0.1 - - [27/May/2024 21:59:25] "POST /web/dataset/call_kw/ir.module.module/web_search_read HTTP/1.1" 200 - 3 0.004 0.023
2024-05-27 21:59:25,111 1 INFO odoodatoss werkzeug: 172.23.0.1 - - [27/May/2024 21:59:25] "POST /web/dataset/call_kw/ir.module.module/search_panel_select_range HTTP/1.1" 200 - 36 0.016 0.013
2024-05-27 21:59:25,367 1 INFO odoodatoss werkzeug: 172.23.0.1 - - [27/May/2024 21:59:25] "POST /web/dataset/call_kw/ir.module.module/web_search_read HTTP/1.1" 200 - 27 0.005 0.891
2024-05-27 21:59:40,683 1 INFO odoodatoss odoo.addons.base.models.ir_cron: Starting job `Base: Auto-vacuum internal data`. 
2024-05-27 21:59:40,695 1 ERROR odoodatoss odoo.addons.base.models.ir_autovacuum: Failed wizard.ir.model.menu.create()._transient_vacuum() 
Traceback (most recent call last):
  File "/usr/lib/python3/dist-packages/odoo/addons/base/models/ir_autovacuum.py", line 38, in _run_vacuum_cleaner
    func(model)
  File "/usr/lib/python3/dist-packages/odoo/models.py", line 7142, in _transient_vacuum
    self._transient_clean_rows_older_than(self._transient_max_hours * 60 * 60)
  File "/usr/lib/python3/dist-packages/odoo/models.py", line 7157, in _transient_clean_rows_older_than
    seconds = max(seconds, 300)
TypeError: '>' not supported between instances of 'int' and 'str'
2024-05-27 21:59:40,699 1 ERROR odoodatoss odoo.addons.base.models.ir_autovacuum: Failed reset.view.arch.wizard()._transient_vacuum() 
Traceback (most recent call last):
  File "/usr/lib/python3/dist-packages/odoo/addons/base/models/ir_autovacuum.py", line 38, in _run_vacuum_cleaner
    func(model)
  File "/usr/lib/python3/dist-packages/odoo/models.py", line 7142, in _transient_vacuum
    self._transient_clean_rows_older_than(self._transient_max_hours * 60 * 60)
  File "/usr/lib/python3/dist-packages/odoo/models.py", line 7157, in _transient_clean_rows_older_than
    seconds = max(seconds, 300)
TypeError: '>' not supported between instances of 'int' and 'str'
2024-05-27 21:59:40,706 1 INFO odoodatoss odoo.addons.base.models.ir_attachment: filestore gc 56 checked, 0 removed 
2024-05-27 21:59:40,722 1 ERROR odoodatoss odoo.addons.base.models.ir_autovacuum: Failed ir.demo()._transient_vacuum() 
Traceback (most recent call last):
  File "/usr/lib/python3/dist-packages/odoo/addons/base/models/ir_autovacuum.py", line 38, in _run_vacuum_cleaner
    func(model)
  File "/usr/lib/python3/dist-packages/odoo/models.py", line 7142, in _transient_vacuum
    self._transient_clean_rows_older_than(self._transient_max_hours * 60 * 60)
  File "/usr/lib/python3/dist-packages/odoo/models.py", line 7157, in _transient_clean_rows_older_than
    seconds = max(seconds, 300)
TypeError: '>' not supported between instances of 'int' and 'str'
2024-05-27 21:59:40,723 1 ERROR odoodatoss odoo.addons.base.models.ir_autovacuum: Failed ir.demo_failure()._transient_vacuum() 
Traceback (most recent call last):
  File "/usr/lib/python3/dist-packages/odoo/addons/base/models/ir_autovacuum.py", line 38, in _run_vacuum_cleaner
    func(model)
  File "/usr/lib/python3/dist-packages/odoo/models.py", line 7142, in _transient_vacuum
    self._transient_clean_rows_older_than(self._transient_max_hours * 60 * 60)
  File "/usr/lib/python3/dist-packages/odoo/models.py", line 7157, in _transient_clean_rows_older_than
    seconds = max(seconds, 300)
TypeError: '>' not supported between instances of 'int' and 'str'
2024-05-27 21:59:40,724 1 ERROR odoodatoss odoo.addons.base.models.ir_autovacuum: Failed ir.demo_failure.wizard()._transient_vacuum() 
Traceback (most recent call last):
  File "/usr/lib/python3/dist-packages/odoo/addons/base/models/ir_autovacuum.py", line 38, in _run_vacuum_cleaner
    func(model)
  File "/usr/lib/python3/dist-packages/odoo/models.py", line 7142, in _transient_vacuum
    self._transient_clean_rows_older_than(self._transient_max_hours * 60 * 60)
  File "/usr/lib/python3/dist-packages/odoo/models.py", line 7157, in _transient_clean_rows_older_than
    seconds = max(seconds, 300)
TypeError: '>' not supported between instances of 'int' and 'str'
2024-05-27 21:59:40,726 1 ERROR odoodatoss odoo.addons.base.models.ir_autovacuum: Failed base.enable.profiling.wizard()._transient_vacuum() 
Traceback (most recent call last):
  File "/usr/lib/python3/dist-packages/odoo/addons/base/models/ir_autovacuum.py", line 38, in _run_vacuum_cleaner
    func(model)
  File "/usr/lib/python3/dist-packages/odoo/models.py", line 7142, in _transient_vacuum
    self._transient_clean_rows_older_than(self._transient_max_hours * 60 * 60)
  File "/usr/lib/python3/dist-packages/odoo/models.py", line 7157, in _transient_clean_rows_older_than
    seconds = max(seconds, 300)
TypeError: '>' not supported between instances of 'int' and 'str'
2024-05-27 21:59:40,732 1 ERROR odoodatoss odoo.addons.base.models.ir_autovacuum: Failed res.config()._transient_vacuum() 
Traceback (most recent call last):
  File "/usr/lib/python3/dist-packages/odoo/addons/base/models/ir_autovacuum.py", line 38, in _run_vacuum_cleaner
    func(model)
  File "/usr/lib/python3/dist-packages/odoo/models.py", line 7142, in _transient_vacuum
    self._transient_clean_rows_older_than(self._transient_max_hours * 60 * 60)
  File "/usr/lib/python3/dist-packages/odoo/models.py", line 7157, in _transient_clean_rows_older_than
    seconds = max(seconds, 300)
TypeError: '>' not supported between instances of 'int' and 'str'
2024-05-27 21:59:40,733 1 ERROR odoodatoss odoo.addons.base.models.ir_autovacuum: Failed res.config.installer()._transient_vacuum() 
Traceback (most recent call last):
  File "/usr/lib/python3/dist-packages/odoo/addons/base/models/ir_autovacuum.py", line 38, in _run_vacuum_cleaner
    func(model)
  File "/usr/lib/python3/dist-packages/odoo/models.py", line 7142, in _transient_vacuum
    self._transient_clean_rows_older_than(self._transient_max_hours * 60 * 60)
  File "/usr/lib/python3/dist-packages/odoo/models.py", line 7157, in _transient_clean_rows_older_than
    seconds = max(seconds, 300)
TypeError: '>' not supported between instances of 'int' and 'str'
2024-05-27 21:59:40,734 1 ERROR odoodatoss odoo.addons.base.models.ir_autovacuum: Failed res.config.settings()._transient_vacuum() 
Traceback (most recent call last):
  File "/usr/lib/python3/dist-packages/odoo/addons/base/models/ir_autovacuum.py", line 38, in _run_vacuum_cleaner
    func(model)
  File "/usr/lib/python3/dist-packages/odoo/models.py", line 7142, in _transient_vacuum
    self._transient_clean_rows_older_than(self._transient_max_hours * 60 * 60)
  File "/usr/lib/python3/dist-packages/odoo/models.py", line 7157, in _transient_clean_rows_older_than
    seconds = max(seconds, 300)
TypeError: '>' not supported between instances of 'int' and 'str'
2024-05-27 21:59:40,736 1 INFO odoodatoss odoo.addons.base.models.res_users: GC'd 1 user log entries 
2024-05-27 21:59:40,742 1 ERROR odoodatoss odoo.addons.base.models.ir_autovacuum: Failed res.users.identitycheck()._transient_vacuum() 
Traceback (most recent call last):
  File "/usr/lib/python3/dist-packages/odoo/addons/base/models/ir_autovacuum.py", line 38, in _run_vacuum_cleaner
    func(model)
  File "/usr/lib/python3/dist-packages/odoo/models.py", line 7142, in _transient_vacuum
    self._transient_clean_rows_older_than(self._transient_max_hours * 60 * 60)
  File "/usr/lib/python3/dist-packages/odoo/models.py", line 7157, in _transient_clean_rows_older_than
    seconds = max(seconds, 300)
TypeError: '>' not supported between instances of 'int' and 'str'
2024-05-27 21:59:40,743 1 ERROR odoodatoss odoo.addons.base.models.ir_autovacuum: Failed change.password.user()._transient_vacuum() 
Traceback (most recent call last):
  File "/usr/lib/python3/dist-packages/odoo/addons/base/models/ir_autovacuum.py", line 38, in _run_vacuum_cleaner
    func(model)
  File "/usr/lib/python3/dist-packages/odoo/models.py", line 7142, in _transient_vacuum
    self._transient_clean_rows_older_than(self._transient_max_hours * 60 * 60)
  File "/usr/lib/python3/dist-packages/odoo/models.py", line 7157, in _transient_clean_rows_older_than
    seconds = max(seconds, 300)
TypeError: '>' not supported between instances of 'int' and 'str'
2024-05-27 21:59:40,746 1 ERROR odoodatoss odoo.addons.base.models.ir_autovacuum: Failed res.users.apikeys.description()._transient_vacuum() 
Traceback (most recent call last):
  File "/usr/lib/python3/dist-packages/odoo/addons/base/models/ir_autovacuum.py", line 38, in _run_vacuum_cleaner
    func(model)
  File "/usr/lib/python3/dist-packages/odoo/models.py", line 7142, in _transient_vacuum
    self._transient_clean_rows_older_than(self._transient_max_hours * 60 * 60)
  File "/usr/lib/python3/dist-packages/odoo/models.py", line 7157, in _transient_clean_rows_older_than
    seconds = max(seconds, 300)
TypeError: '>' not supported between instances of 'int' and 'str'
2024-05-27 21:59:40,748 1 ERROR odoodatoss odoo.addons.base.models.ir_autovacuum: Failed base.module.update()._transient_vacuum() 
Traceback (most recent call last):
  File "/usr/lib/python3/dist-packages/odoo/addons/base/models/ir_autovacuum.py", line 38, in _run_vacuum_cleaner
    func(model)
  File "/usr/lib/python3/dist-packages/odoo/models.py", line 7142, in _transient_vacuum
    self._transient_clean_rows_older_than(self._transient_max_hours * 60 * 60)
  File "/usr/lib/python3/dist-packages/odoo/models.py", line 7157, in _transient_clean_rows_older_than
    seconds = max(seconds, 300)
TypeError: '>' not supported between instances of 'int' and 'str'
2024-05-27 21:59:40,749 1 ERROR odoodatoss odoo.addons.base.models.ir_autovacuum: Failed base.language.install()._transient_vacuum() 
Traceback (most recent call last):
  File "/usr/lib/python3/dist-packages/odoo/addons/base/models/ir_autovacuum.py", line 38, in _run_vacuum_cleaner
    func(model)
  File "/usr/lib/python3/dist-packages/odoo/models.py", line 7142, in _transient_vacuum
    self._transient_clean_rows_older_than(self._transient_max_hours * 60 * 60)
  File "/usr/lib/python3/dist-packages/odoo/models.py", line 7157, in _transient_clean_rows_older_than
    seconds = max(seconds, 300)
TypeError: '>' not supported between instances of 'int' and 'str'
2024-05-27 21:59:40,750 1 ERROR odoodatoss odoo.addons.base.models.ir_autovacuum: Failed base.language.import()._transient_vacuum() 
Traceback (most recent call last):
  File "/usr/lib/python3/dist-packages/odoo/addons/base/models/ir_autovacuum.py", line 38, in _run_vacuum_cleaner
    func(model)
  File "/usr/lib/python3/dist-packages/odoo/models.py", line 7142, in _transient_vacuum
    self._transient_clean_rows_older_than(self._transient_max_hours * 60 * 60)
  File "/usr/lib/python3/dist-packages/odoo/models.py", line 7157, in _transient_clean_rows_older_than
    seconds = max(seconds, 300)
TypeError: '>' not supported between instances of 'int' and 'str'
2024-05-27 21:59:40,751 1 ERROR odoodatoss odoo.addons.base.models.ir_autovacuum: Failed base.module.upgrade()._transient_vacuum() 
Traceback (most recent call last):
  File "/usr/lib/python3/dist-packages/odoo/addons/base/models/ir_autovacuum.py", line 38, in _run_vacuum_cleaner
    func(model)
  File "/usr/lib/python3/dist-packages/odoo/models.py", line 7142, in _transient_vacuum
    self._transient_clean_rows_older_than(self._transient_max_hours * 60 * 60)
  File "/usr/lib/python3/dist-packages/odoo/models.py", line 7157, in _transient_clean_rows_older_than
    seconds = max(seconds, 300)
TypeError: '>' not supported between instances of 'int' and 'str'
2024-05-27 21:59:40,751 1 ERROR odoodatoss odoo.addons.base.models.ir_autovacuum: Failed base.module.uninstall()._transient_vacuum() 
Traceback (most recent call last):
  File "/usr/lib/python3/dist-packages/odoo/addons/base/models/ir_autovacuum.py", line 38, in _run_vacuum_cleaner
    func(model)
  File "/usr/lib/python3/dist-packages/odoo/models.py", line 7142, in _transient_vacuum
    self._transient_clean_rows_older_than(self._transient_max_hours * 60 * 60)
  File "/usr/lib/python3/dist-packages/odoo/models.py", line 7157, in _transient_clean_rows_older_than
    seconds = max(seconds, 300)
TypeError: '>' not supported between instances of 'int' and 'str'
2024-05-27 21:59:40,752 1 ERROR odoodatoss odoo.addons.base.models.ir_autovacuum: Failed base.language.export()._transient_vacuum() 
Traceback (most recent call last):
  File "/usr/lib/python3/dist-packages/odoo/addons/base/models/ir_autovacuum.py", line 38, in _run_vacuum_cleaner
    func(model)
  File "/usr/lib/python3/dist-packages/odoo/models.py", line 7142, in _transient_vacuum
    self._transient_clean_rows_older_than(self._transient_max_hours * 60 * 60)
  File "/usr/lib/python3/dist-packages/odoo/models.py", line 7157, in _transient_clean_rows_older_than
    seconds = max(seconds, 300)
TypeError: '>' not supported between instances of 'int' and 'str'
2024-05-27 21:59:40,753 1 ERROR odoodatoss odoo.addons.base.models.ir_autovacuum: Failed base.partner.merge.line()._transient_vacuum() 
Traceback (most recent call last):
  File "/usr/lib/python3/dist-packages/odoo/addons/base/models/ir_autovacuum.py", line 38, in _run_vacuum_cleaner
    func(model)
  File "/usr/lib/python3/dist-packages/odoo/models.py", line 7142, in _transient_vacuum
    self._transient_clean_rows_older_than(self._transient_max_hours * 60 * 60)
  File "/usr/lib/python3/dist-packages/odoo/models.py", line 7157, in _transient_clean_rows_older_than
    seconds = max(seconds, 300)
TypeError: '>' not supported between instances of 'int' and 'str'
2024-05-27 21:59:40,754 1 ERROR odoodatoss odoo.addons.base.models.ir_autovacuum: Failed base.partner.merge.automatic.wizard()._transient_vacuum() 
Traceback (most recent call last):
  File "/usr/lib/python3/dist-packages/odoo/addons/base/models/ir_autovacuum.py", line 38, in _run_vacuum_cleaner
    func(model)
  File "/usr/lib/python3/dist-packages/odoo/models.py", line 7142, in _transient_vacuum
    self._transient_clean_rows_older_than(self._transient_max_hours * 60 * 60)
  File "/usr/lib/python3/dist-packages/odoo/models.py", line 7157, in _transient_clean_rows_older_than
    seconds = max(seconds, 300)
TypeError: '>' not supported between instances of 'int' and 'str'
2024-05-27 21:59:40,757 1 ERROR odoodatoss odoo.addons.base.models.ir_autovacuum: Failed base.document.layout()._transient_vacuum() 
Traceback (most recent call last):
  File "/usr/lib/python3/dist-packages/odoo/addons/base/models/ir_autovacuum.py", line 38, in _run_vacuum_cleaner
    func(model)
  File "/usr/lib/python3/dist-packages/odoo/models.py", line 7142, in _transient_vacuum
    self._transient_clean_rows_older_than(self._transient_max_hours * 60 * 60)
  File "/usr/lib/python3/dist-packages/odoo/models.py", line 7157, in _transient_clean_rows_older_than
    seconds = max(seconds, 300)
TypeError: '>' not supported between instances of 'int' and 'str'
2024-05-27 21:59:40,760 1 INFO odoodatoss odoo.addons.auth_totp.models.auth_totp: GC'd 0 totp devices entries 
2024-05-27 21:59:40,765 1 ERROR odoodatoss odoo.addons.base.models.ir_autovacuum: Failed auth_totp.wizard()._transient_vacuum() 
Traceback (most recent call last):
  File "/usr/lib/python3/dist-packages/odoo/addons/base/models/ir_autovacuum.py", line 38, in _run_vacuum_cleaner
    func(model)
  File "/usr/lib/python3/dist-packages/odoo/models.py", line 7142, in _transient_vacuum
    self._transient_clean_rows_older_than(self._transient_max_hours * 60 * 60)
  File "/usr/lib/python3/dist-packages/odoo/models.py", line 7157, in _transient_clean_rows_older_than
    seconds = max(seconds, 300)
TypeError: '>' not supported between instances of 'int' and 'str'
2024-05-27 21:59:40,769 1 ERROR odoodatoss odoo.addons.base.models.ir_autovacuum: Failed base.import.module()._transient_vacuum() 
Traceback (most recent call last):
  File "/usr/lib/python3/dist-packages/odoo/addons/base/models/ir_autovacuum.py", line 38, in _run_vacuum_cleaner
    func(model)
  File "/usr/lib/python3/dist-packages/odoo/models.py", line 7142, in _transient_vacuum
    self._transient_clean_rows_older_than(self._transient_max_hours * 60 * 60)
  File "/usr/lib/python3/dist-packages/odoo/models.py", line 7157, in _transient_clean_rows_older_than
    seconds = max(seconds, 300)
TypeError: '>' not supported between instances of 'int' and 'str'
2024-05-27 21:59:40,777 1 INFO odoodatoss odoo.addons.base.models.ir_cron: Job done: `Base: Auto-vacuum internal data` (0.088s). 
2024-05-27 21:59:40,783 1 INFO odoodatoss odoo.addons.base.models.ir_cron: Starting job `Base: Portal Users Deletion`. 
2024-05-27 21:59:40,787 1 INFO odoodatoss odoo.addons.base.models.ir_cron: Job done: `Base: Portal Users Deletion` (0.002s). 
2024-05-27 22:03:59,898 1 INFO ? odoo.service.server: Initiating shutdown 
2024-05-27 22:03:59,899 1 INFO ? odoo.service.server: Hit CTRL-C again or send a second signal to force the shutdown. 
2024-05-27 22:04:00,986 1 INFO ? odoo.sql_db: ConnectionPool(used=0/count=0/max=64): Closed 9 connections  
